# JRE version: Java(TM) SE Runtime Environment (16.0.1+9) (build 16.0.1+9-24)
# Java VM: Java HotSpot(TM) 64-Bit Server VM (16.0.1+9-24, mixed mode, sharing, tiered, compressed oops, compressed class ptrs, g1 gc, windows-amd64)
GC Precious Log:
 CPUs: 4 total, 4 available
 Memory: 8108M
 Large Page Support: Disabled
 NUMA Support: Disabled
 Compressed Oops: Enabled (32-bit)
 Heap Region Size: 1M
 Heap Min Capacity: 8M
 Heap Initial Capacity: 128M
 Heap Max Capacity: 2028M
 Pre-touch: Disabled
 Parallel Workers: 4
 Concurrent Workers: 1
 Concurrent Refinement Workers: 4
 Periodic GC: Disabled
Heap:
 garbage-first heap   total 171008K, used 134170K [0x0000000081400000, 0x0000000100000000)
  region size 1024K, 7 young (7168K), 1 survivors (1024K)
 Metaspace       used 104578K, committed 105600K, reserved 1146880K
  class space    used 12722K, committed 13184K, reserved 1048576K
GC Heap History (20 events):
Event: 296.873 GC heap before
{Heap before GC invocations=40 (full 0):
 garbage-first heap   total 171008K, used 140292K [0x0000000081400000, 0x0000000100000000)
  region size 1024K, 37 young (37888K), 5 survivors (5120K)
 Metaspace       used 101420K, committed 102400K, reserved 1138688K
  class space    used 12434K, committed 12864K, reserved 1048576K
}
Event: 296.884 GC heap after
{Heap after GC invocations=41 (full 0):
 garbage-first heap   total 171008K, used 107724K [0x0000000081400000, 0x0000000100000000)
  region size 1024K, 5 young (5120K), 5 survivors (5120K)
 Metaspace       used 101420K, committed 102400K, reserved 1138688K
  class space    used 12434K, committed 12864K, reserved 1048576K
}
Event: 303.139 GC heap before
{Heap before GC invocations=41 (full 0):
 garbage-first heap   total 171008K, used 140492K [0x0000000081400000, 0x0000000100000000)
  region size 1024K, 36 young (36864K), 5 survivors (5120K)
 Metaspace       used 101620K, committed 102656K, reserved 1138688K
  class space    used 12447K, committed 12928K, reserved 1048576K
}
Event: 303.149 GC heap after
{Heap after GC invocations=42 (full 0):
 garbage-first heap   total 171008K, used 109406K [0x0000000081400000, 0x0000000100000000)
  region size 1024K, 5 young (5120K), 5 survivors (5120K)
 Metaspace       used 101620K, committed 102656K, reserved 1138688K
  class space    used 12447K, committed 12928K, reserved 1048576K
}
Event: 307.158 GC heap before
{Heap before GC invocations=42 (full 0):
 garbage-first heap   total 171008K, used 137054K [0x0000000081400000, 0x0000000100000000)
  region size 1024K, 32 young (32768K), 5 survivors (5120K)
 Metaspace       used 102282K, committed 103296K, reserved 1146880K
  class space    used 12505K, committed 12928K, reserved 1048576K
}
Event: 307.173 GC heap after
{Heap after GC invocations=43 (full 0):
 garbage-first heap   total 171008K, used 112198K [0x0000000081400000, 0x0000000100000000)
  region size 1024K, 4 young (4096K), 4 survivors (4096K)
 Metaspace       used 102282K, committed 103296K, reserved 1146880K
  class space    used 12505K, committed 12928K, reserved 1048576K
}
Event: 311.141 GC heap before
{Heap before GC invocations=43 (full 0):
 garbage-first heap   total 171008K, used 135750K [0x0000000081400000, 0x0000000100000000)
  region size 1024K, 27 young (27648K), 4 survivors (4096K)
 Metaspace       used 102596K, committed 103616K, reserved 1146880K
  class space    used 12526K, committed 12992K, reserved 1048576K
}
Event: 311.152 GC heap after
{Heap after GC invocations=44 (full 0):
 garbage-first heap   total 171008K, used 113395K [0x0000000081400000, 0x0000000100000000)
  region size 1024K, 4 young (4096K), 4 survivors (4096K)
 Metaspace       used 102596K, committed 103616K, reserved 1146880K
  class space    used 12526K, committed 12992K, reserved 1048576K
}
Event: 314.904 GC heap before
{Heap before GC invocations=44 (full 0):
 garbage-first heap   total 171008K, used 136947K [0x0000000081400000, 0x0000000100000000)
  region size 1024K, 26 young (26624K), 4 survivors (4096K)
 Metaspace       used 102695K, committed 103808K, reserved 1146880K
  class space    used 12537K, committed 13056K, reserved 1048576K
}
Event: 314.911 GC heap after
{Heap after GC invocations=45 (full 0):
 garbage-first heap   total 171008K, used 114922K [0x0000000081400000, 0x0000000100000000)
  region size 1024K, 4 young (4096K), 4 survivors (4096K)
 Metaspace       used 102695K, committed 103808K, reserved 1146880K
  class space    used 12537K, committed 13056K, reserved 1048576K
}
Event: 318.762 GC heap before
{Heap before GC invocations=45 (full 0):
 garbage-first heap   total 171008K, used 135402K [0x0000000081400000, 0x0000000100000000)
  region size 1024K, 24 young (24576K), 4 survivors (4096K)
 Metaspace       used 103288K, committed 104320K, reserved 1146880K
  class space    used 12567K, committed 13056K, reserved 1048576K
}
Event: 318.774 GC heap after
{Heap after GC invocations=46 (full 0):
 garbage-first heap   total 171008K, used 117243K [0x0000000081400000, 0x0000000100000000)
  region size 1024K, 3 young (3072K), 3 survivors (3072K)
 Metaspace       used 103288K, committed 104320K, reserved 1146880K
  class space    used 12567K, committed 13056K, reserved 1048576K
}
Event: 322.477 GC heap before
{Heap before GC invocations=46 (full 0):
 garbage-first heap   total 171008K, used 138747K [0x0000000081400000, 0x0000000100000000)
  region size 1024K, 23 young (23552K), 3 survivors (3072K)
 Metaspace       used 103439K, committed 104512K, reserved 1146880K
  class space    used 12579K, committed 13120K, reserved 1048576K
}
Event: 322.488 GC heap after
{Heap after GC invocations=47 (full 0):
 garbage-first heap   total 171008K, used 121382K [0x0000000081400000, 0x0000000100000000)
  region size 1024K, 3 young (3072K), 3 survivors (3072K)
 Metaspace       used 103439K, committed 104512K, reserved 1146880K
  class space    used 12579K, committed 13120K, reserved 1048576K
}
Event: 327.658 GC heap before
{Heap before GC invocations=47 (full 0):
 garbage-first heap   total 171008K, used 139814K [0x0000000081400000, 0x0000000100000000)
  region size 1024K, 20 young (20480K), 3 survivors (3072K)
 Metaspace       used 103470K, committed 104576K, reserved 1146880K
  class space    used 12583K, committed 13120K, reserved 1048576K
}
Event: 327.664 GC heap after
{Heap after GC invocations=48 (full 0):
 garbage-first heap   total 171008K, used 125185K [0x0000000081400000, 0x0000000100000000)
  region size 1024K, 3 young (3072K), 3 survivors (3072K)
 Metaspace       used 103470K, committed 104576K, reserved 1146880K
  class space    used 12583K, committed 13120K, reserved 1048576K
}
Event: 331.122 GC heap before
{Heap before GC invocations=48 (full 0):
 garbage-first heap   total 171008K, used 139521K [0x0000000081400000, 0x0000000100000000)
  region size 1024K, 17 young (17408K), 3 survivors (3072K)
 Metaspace       used 103572K, committed 104640K, reserved 1146880K
  class space    used 12609K, committed 13120K, reserved 1048576K
}
Event: 331.126 GC heap after
{Heap after GC invocations=49 (full 0):
 garbage-first heap   total 171008K, used 128222K [0x0000000081400000, 0x0000000100000000)
  region size 1024K, 3 young (3072K), 3 survivors (3072K)
 Metaspace       used 103572K, committed 104640K, reserved 1146880K
  class space    used 12609K, committed 13120K, reserved 1048576K
}
Event: 331.626 GC heap before
{Heap before GC invocations=49 (full 0):
 garbage-first heap   total 171008K, used 139486K [0x0000000081400000, 0x0000000100000000)
  region size 1024K, 14 young (14336K), 3 survivors (3072K)
 Metaspace       used 103578K, committed 104640K, reserved 1146880K
  class space    used 12609K, committed 13120K, reserved 1048576K
}
Event: 331.630 GC heap after
{Heap after GC invocations=50 (full 0):
 garbage-first heap   total 171008K, used 129050K [0x0000000081400000, 0x0000000100000000)
  region size 1024K, 1 young (1024K), 1 survivors (1024K)
 Metaspace       used 103578K, committed 104640K, reserved 1146880K
  class space    used 12609K, committed 13120K, reserved 1048576K
}

